npm warn Unknown project config "auto-install-peers". This will stop working in the next major version of npm.
npm warn Unknown project config "shamefully-hoist". This will stop working in the next major version of npm.
npm warn Unknown project config "enable-pre-post-scripts". This will stop working in the next major version of npm.
2025-10-10T04:27:12.168Z LH:ChromeLauncher Waiting for browser.
2025-10-10T04:27:12.168Z LH:ChromeLauncher Waiting for browser...
2025-10-10T04:27:12.686Z LH:ChromeLauncher Waiting for browser.....
2025-10-10T04:27:13.188Z LH:ChromeLauncher Waiting for browser.......
2025-10-10T04:27:13.689Z LH:ChromeLauncher Waiting for browser.........
2025-10-10T04:27:14.190Z LH:ChromeLauncher Waiting for browser...........
2025-10-10T04:27:14.692Z LH:ChromeLauncher Waiting for browser.............
2025-10-10T04:27:15.193Z LH:ChromeLauncher Waiting for browser...............
2025-10-10T04:27:15.695Z LH:ChromeLauncher Waiting for browser.................
2025-10-10T04:27:16.196Z LH:ChromeLauncher Waiting for browser...................
2025-10-10T04:27:16.698Z LH:ChromeLauncher Waiting for browser.....................
2025-10-10T04:27:17.199Z LH:ChromeLauncher Waiting for browser.......................
2025-10-10T04:27:17.701Z LH:ChromeLauncher Waiting for browser.........................
2025-10-10T04:27:18.202Z LH:ChromeLauncher Waiting for browser...........................
2025-10-10T04:27:18.703Z LH:ChromeLauncher Waiting for browser.............................
2025-10-10T04:27:19.204Z LH:ChromeLauncher Waiting for browser...............................
2025-10-10T04:27:19.705Z LH:ChromeLauncher Waiting for browser.................................
2025-10-10T04:27:20.207Z LH:ChromeLauncher Waiting for browser...................................
2025-10-10T04:27:20.707Z LH:ChromeLauncher Waiting for browser.....................................
2025-10-10T04:27:21.208Z LH:ChromeLauncher Waiting for browser.......................................
2025-10-10T04:27:21.710Z LH:ChromeLauncher Waiting for browser.........................................
2025-10-10T04:27:22.211Z LH:ChromeLauncher Waiting for browser...........................................
2025-10-10T04:27:22.712Z LH:ChromeLauncher Waiting for browser.............................................
2025-10-10T04:27:23.213Z LH:ChromeLauncher Waiting for browser...............................................
2025-10-10T04:27:23.714Z LH:ChromeLauncher Waiting for browser.................................................
2025-10-10T04:27:24.216Z LH:ChromeLauncher Waiting for browser...................................................
2025-10-10T04:27:24.717Z LH:ChromeLauncher Waiting for browser.....................................................
2025-10-10T04:27:25.218Z LH:ChromeLauncher Waiting for browser.......................................................
2025-10-10T04:27:25.720Z LH:ChromeLauncher Waiting for browser.........................................................
2025-10-10T04:27:26.221Z LH:ChromeLauncher Waiting for browser...........................................................
2025-10-10T04:27:26.722Z LH:ChromeLauncher Waiting for browser.............................................................
2025-10-10T04:27:27.223Z LH:ChromeLauncher Waiting for browser...............................................................
2025-10-10T04:27:27.724Z LH:ChromeLauncher Waiting for browser.................................................................
2025-10-10T04:27:28.225Z LH:ChromeLauncher Waiting for browser...................................................................
2025-10-10T04:27:28.727Z LH:ChromeLauncher Waiting for browser.....................................................................
2025-10-10T04:27:29.228Z LH:ChromeLauncher Waiting for browser.......................................................................
2025-10-10T04:27:29.729Z LH:ChromeLauncher Waiting for browser.........................................................................
2025-10-10T04:27:30.230Z LH:ChromeLauncher Waiting for browser...........................................................................
2025-10-10T04:27:30.731Z LH:ChromeLauncher Waiting for browser.............................................................................
2025-10-10T04:27:31.232Z LH:ChromeLauncher Waiting for browser...............................................................................
2025-10-10T04:27:31.734Z LH:ChromeLauncher Waiting for browser.................................................................................
2025-10-10T04:27:32.235Z LH:ChromeLauncher Waiting for browser...................................................................................
2025-10-10T04:27:32.736Z LH:ChromeLauncher Waiting for browser.....................................................................................
2025-10-10T04:27:33.236Z LH:ChromeLauncher Waiting for browser.......................................................................................
2025-10-10T04:27:33.737Z LH:ChromeLauncher Waiting for browser.........................................................................................
2025-10-10T04:27:34.239Z LH:ChromeLauncher Waiting for browser...........................................................................................
2025-10-10T04:27:34.740Z LH:ChromeLauncher Waiting for browser.............................................................................................
2025-10-10T04:27:35.241Z LH:ChromeLauncher Waiting for browser...............................................................................................
2025-10-10T04:27:35.742Z LH:ChromeLauncher Waiting for browser.................................................................................................
2025-10-10T04:27:36.243Z LH:ChromeLauncher Waiting for browser...................................................................................................
2025-10-10T04:27:36.745Z LH:ChromeLauncher Waiting for browser.....................................................................................................
2025-10-10T04:27:37.246Z LH:ChromeLauncher Waiting for browser.......................................................................................................
2025-10-10T04:27:37.247Z LH:ChromeLauncher:error connect ECONNREFUSED 127.0.0.1:43327
2025-10-10T04:27:37.263Z LH:ChromeLauncher:error Logging contents of /mnt/c/Users/Justin/AppData/Local/lighthouse.39966853/chrome-err.log
2025-10-10T04:27:37.263Z LH:ChromeLauncher:error 
DevTools listening on ws://127.0.0.1:43327/devtools/browser/83d861d7-d20c-445f-9687-4642deb73e5d
[27224:23392:1009/222714.923:ERROR:google_apis\gcm\engine\registration_request.cc:291] Registration response error message: DEPRECATED_ENDPOINT
[27224:23392:1009/222737.259:ERROR:google_apis\gcm\engine\registration_request.cc:291] Registration response error message: DEPRECATED_ENDPOINT

Unable to connect to Chrome
