npm warn Unknown project config "auto-install-peers". This will stop working in the next major version of npm.
npm warn Unknown project config "shamefully-hoist". This will stop working in the next major version of npm.
npm warn Unknown project config "enable-pre-post-scripts". This will stop working in the next major version of npm.
2025-10-10T06:21:27.772Z LH:ChromeLauncher Waiting for browser.
2025-10-10T06:21:27.772Z LH:ChromeLauncher Waiting for browser...
2025-10-10T06:21:28.291Z LH:ChromeLauncher Waiting for browser.....
2025-10-10T06:21:28.792Z LH:ChromeLauncher Waiting for browser.......
2025-10-10T06:21:29.293Z LH:ChromeLauncher Waiting for browser.........
2025-10-10T06:21:29.794Z LH:ChromeLauncher Waiting for browser...........
2025-10-10T06:21:30.296Z LH:ChromeLauncher Waiting for browser.............
2025-10-10T06:21:30.797Z LH:ChromeLauncher Waiting for browser...............
2025-10-10T06:21:31.299Z LH:ChromeLauncher Waiting for browser.................
2025-10-10T06:21:31.800Z LH:ChromeLauncher Waiting for browser...................
2025-10-10T06:21:32.301Z LH:ChromeLauncher Waiting for browser.....................
2025-10-10T06:21:32.803Z LH:ChromeLauncher Waiting for browser.......................
2025-10-10T06:21:33.304Z LH:ChromeLauncher Waiting for browser.........................
2025-10-10T06:21:33.805Z LH:ChromeLauncher Waiting for browser...........................
2025-10-10T06:21:34.306Z LH:ChromeLauncher Waiting for browser.............................
2025-10-10T06:21:34.808Z LH:ChromeLauncher Waiting for browser...............................
2025-10-10T06:21:35.309Z LH:ChromeLauncher Waiting for browser.................................
2025-10-10T06:21:35.810Z LH:ChromeLauncher Waiting for browser...................................
2025-10-10T06:21:36.312Z LH:ChromeLauncher Waiting for browser.....................................
2025-10-10T06:21:36.813Z LH:ChromeLauncher Waiting for browser.......................................
2025-10-10T06:21:37.314Z LH:ChromeLauncher Waiting for browser.........................................
2025-10-10T06:21:37.815Z LH:ChromeLauncher Waiting for browser...........................................
2025-10-10T06:21:38.316Z LH:ChromeLauncher Waiting for browser.............................................
2025-10-10T06:21:38.817Z LH:ChromeLauncher Waiting for browser...............................................
2025-10-10T06:21:39.318Z LH:ChromeLauncher Waiting for browser.................................................
2025-10-10T06:21:39.820Z LH:ChromeLauncher Waiting for browser...................................................
2025-10-10T06:21:40.321Z LH:ChromeLauncher Waiting for browser.....................................................
2025-10-10T06:21:40.823Z LH:ChromeLauncher Waiting for browser.......................................................
2025-10-10T06:21:41.324Z LH:ChromeLauncher Waiting for browser.........................................................
2025-10-10T06:21:41.824Z LH:ChromeLauncher Waiting for browser...........................................................
2025-10-10T06:21:42.325Z LH:ChromeLauncher Waiting for browser.............................................................
2025-10-10T06:21:42.826Z LH:ChromeLauncher Waiting for browser...............................................................
2025-10-10T06:21:43.328Z LH:ChromeLauncher Waiting for browser.................................................................
2025-10-10T06:21:43.829Z LH:ChromeLauncher Waiting for browser...................................................................
2025-10-10T06:21:44.330Z LH:ChromeLauncher Waiting for browser.....................................................................
2025-10-10T06:21:44.831Z LH:ChromeLauncher Waiting for browser.......................................................................
2025-10-10T06:21:45.332Z LH:ChromeLauncher Waiting for browser.........................................................................
2025-10-10T06:21:45.834Z LH:ChromeLauncher Waiting for browser...........................................................................
2025-10-10T06:21:46.335Z LH:ChromeLauncher Waiting for browser.............................................................................
2025-10-10T06:21:46.836Z LH:ChromeLauncher Waiting for browser...............................................................................
2025-10-10T06:21:47.337Z LH:ChromeLauncher Waiting for browser.................................................................................
2025-10-10T06:21:47.838Z LH:ChromeLauncher Waiting for browser...................................................................................
2025-10-10T06:21:48.339Z LH:ChromeLauncher Waiting for browser.....................................................................................
2025-10-10T06:21:48.841Z LH:ChromeLauncher Waiting for browser.......................................................................................
2025-10-10T06:21:49.341Z LH:ChromeLauncher Waiting for browser.........................................................................................
2025-10-10T06:21:49.842Z LH:ChromeLauncher Waiting for browser...........................................................................................
2025-10-10T06:21:50.343Z LH:ChromeLauncher Waiting for browser.............................................................................................
2025-10-10T06:21:50.844Z LH:ChromeLauncher Waiting for browser...............................................................................................
2025-10-10T06:21:51.345Z LH:ChromeLauncher Waiting for browser.................................................................................................
2025-10-10T06:21:51.847Z LH:ChromeLauncher Waiting for browser...................................................................................................
2025-10-10T06:21:52.348Z LH:ChromeLauncher Waiting for browser.....................................................................................................
2025-10-10T06:21:52.849Z LH:ChromeLauncher Waiting for browser.......................................................................................................
2025-10-10T06:21:52.850Z LH:ChromeLauncher:error connect ECONNREFUSED 127.0.0.1:35151
2025-10-10T06:21:52.874Z LH:ChromeLauncher:error Logging contents of /mnt/c/Users/Justin/AppData/Local/lighthouse.79264499/chrome-err.log
2025-10-10T06:21:52.874Z LH:ChromeLauncher:error 
DevTools listening on ws://127.0.0.1:35151/devtools/browser/4e99f967-3305-4072-b833-ed17c76803ec
[35244:35496:1010/002130.463:ERROR:google_apis\gcm\engine\registration_request.cc:291] Registration response error message: DEPRECATED_ENDPOINT

Unable to connect to Chrome
