[2m2025-10-10T17:02:56Z[0m app[d8dd9eea046d08] [32mord[0m [[34minfo[0m]      at Object.query (/app/node_modules/react-router/dist/development/chunk-LZYTN6SO.js:2796:19)
[2m2025-10-10T17:02:56Z[0m app[d8dd9eea046d08] [32mord[0m [[34minfo[0m]      at handleDocumentRequest (/app/node_modules/react-router/dist/development/index.js:1386:38)
[2m2025-10-10T17:02:56Z[0m app[d8dd9eea046d08] [32mord[0m [[34minfo[0m]      at requestHandler (/app/node_modules/react-router/dist/development/index.js:1299:24)
[2m2025-10-10T17:02:56Z[0m app[d8dd9eea046d08] [32mord[0m [[34minfo[0m]      at /app/node_modules/@react-router/express/dist/index.js:50:28
[2m2025-10-10T17:02:56Z[0m app[d8dd9eea046d08] [32mord[0m [[34minfo[0m]}
[2m2025-10-10T17:02:56Z[0m app[d8dd9eea046d08] [32mord[0m [[34minfo[0m]GET /api/chatwoot/conversations?mock=1 404 - - 3.833 ms
[2m2025-10-10T18:02:25Z[0m proxy [32mams[0m [[31merror[0m][PU01] client problem: empty string
[2m2025-10-10T18:03:11Z[0m app[d8dd9eea046d08] [32mord[0m [[34minfo[0m]Error: No route matches URL "/api/chatwoot/conversations"
[2m2025-10-10T18:03:11Z[0m app[d8dd9eea046d08] [32mord[0m [[34minfo[0m]    at getInternalRouterError (/app/node_modules/react-router/dist/development/chunk-LZYTN6SO.js:4652:5)
[2m2025-10-10T18:03:11Z[0m app[d8dd9eea046d08] [32mord[0m [[34minfo[0m]    at Object.query (/app/node_modules/react-router/dist/development/chunk-LZYTN6SO.js:2796:19)
[2m2025-10-10T18:03:11Z[0m app[d8dd9eea046d08] [32mord[0m [[34minfo[0m]    at handleDocumentRequest (/app/node_modules/react-router/dist/development/index.js:1386:38)
[2m2025-10-10T18:03:11Z[0m app[d8dd9eea046d08] [32mord[0m [[34minfo[0m]    at requestHandler (/app/node_modules/react-router/dist/development/index.js:1299:24)
[2m2025-10-10T18:03:11Z[0m app[d8dd9eea046d08] [32mord[0m [[34minfo[0m]    at /app/node_modules/@react-router/express/dist/index.js:50:28
[2m2025-10-10T18:03:11Z[0m app[d8dd9eea046d08] [32mord[0m [[34minfo[0m]No routes matched location "/api/chatwoot/conversations?mock=1"
[2m2025-10-10T18:03:11Z[0m app[d8dd9eea046d08] [32mord[0m [[34minfo[0m]ErrorResponseImpl {
[2m2025-10-10T18:03:11Z[0m app[d8dd9eea046d08] [32mord[0m [[34minfo[0m]  status: 404,
[2m2025-10-10T18:03:11Z[0m app[d8dd9eea046d08] [32mord[0m [[34minfo[0m]  statusText: 'Not Found',
[2m2025-10-10T18:03:11Z[0m app[d8dd9eea046d08] [32mord[0m [[34minfo[0m]  internal: true,
[2m2025-10-10T18:03:11Z[0m app[d8dd9eea046d08] [32mord[0m [[34minfo[0m]  data: 'Error: No route matches URL "/api/chatwoot/conversations"',
[2m2025-10-10T18:03:11Z[0m app[d8dd9eea046d08] [32mord[0m [[34minfo[0m]  error: Error: No route matches URL "/api/chatwoot/conversations"
[2m2025-10-10T18:03:11Z[0m app[d8dd9eea046d08] [32mord[0m [[34minfo[0m]      at getInternalRouterError (/app/node_modules/react-router/dist/development/chunk-LZYTN6SO.js:4652:5)
[2m2025-10-10T18:03:11Z[0m app[d8dd9eea046d08] [32mord[0m [[34minfo[0m]      at Object.query (/app/node_modules/react-router/dist/development/chunk-LZYTN6SO.js:2796:19)
[2m2025-10-10T18:03:11Z[0m app[d8dd9eea046d08] [32mord[0m [[34minfo[0m]      at handleDocumentRequest (/app/node_modules/react-router/dist/development/index.js:1386:38)
[2m2025-10-10T18:03:11Z[0m app[d8dd9eea046d08] [32mord[0m [[34minfo[0m]      at requestHandler (/app/node_modules/react-router/dist/development/index.js:1299:24)
[2m2025-10-10T18:03:11Z[0m app[d8dd9eea046d08] [32mord[0m [[34minfo[0m]      at /app/node_modules/@react-router/express/dist/index.js:50:28
[2m2025-10-10T18:03:11Z[0m app[d8dd9eea046d08] [32mord[0m [[34minfo[0m]}
[2m2025-10-10T18:03:11Z[0m app[d8dd9eea046d08] [32mord[0m [[34minfo[0m]GET /api/chatwoot/conversations?mock=1 404 - - 4.284 ms
[2m2025-10-10T18:31:33Z[0m proxy [32mams[0m [[31merror[0m][PU01] client problem: empty string
[2m2025-10-10T18:35:41Z[0m runner[56837ddda06568] [32mord[0m [[34minfo[0m]Pulling container image registry.fly.io/hotdash-staging@sha256:dc135c99036fdf9959656a7145b8cffcadbbae7eeb1c2335f747148062946fae
[2m2025-10-10T18:35:41Z[0m runner[56837ddda06568] [32mord[0m [[34minfo[0m]Container image registry.fly.io/hotdash-staging@sha256:dc135c99036fdf9959656a7145b8cffcadbbae7eeb1c2335f747148062946fae already prepared
[2m2025-10-10T18:35:42Z[0m runner[56837ddda06568] [32mord[0m [[34minfo[0m]Configuring firecracker
[2m2025-10-10T18:35:42Z[0m app[56837ddda06568] [32mord[0m [[34minfo[0m]2025-10-10T18:35:42.859517594 [01K77PGHV4163RJCG5SDZ1R34V:main] Running Firecracker v1.12.1
[2m2025-10-10T18:35:42Z[0m app[56837ddda06568] [32mord[0m [[34minfo[0m]2025-10-10T18:35:42.859666204 [01K77PGHV4163RJCG5SDZ1R34V:main] Listening on API socket ("/fc.sock").
[2m2025-10-10T18:35:43Z[0m app[56837ddda06568] [32mord[0m [[34minfo[0m][32m INFO[0m Starting init (commit: fedadb2e)...
[2m2025-10-10T18:35:43Z[0m app[56837ddda06568] [32mord[0m [[34minfo[0m][32m INFO[0m Preparing to run: `docker-entrypoint.sh npm run docker-start` as root
[2m2025-10-10T18:35:43Z[0m app[56837ddda06568] [32mord[0m [[34minfo[0m][32m INFO[0m [fly api proxy] listening at /.fly/api
[2m2025-10-10T18:35:43Z[0m runner[56837ddda06568] [32mord[0m [[34minfo[0m]Machine created and started in 1.821s
[2m2025-10-10T18:35:44Z[0m app[56837ddda06568] [32mord[0m [[34minfo[0m]2025/10/10 18:35:44 INFO SSH listening listen_address=[fdaa:2f:2a68:a7b:569:f813:a451:2]:22
[2m2025-10-10T18:35:44Z[0m runner[d8dd9eea046d08] [32mord[0m [[34minfo[0m]Pulling container image registry.fly.io/hotdash-staging@sha256:dc135c99036fdf9959656a7145b8cffcadbbae7eeb1c2335f747148062946fae
[2m2025-10-10T18:35:44Z[0m runner[d8dd9eea046d08] [32mord[0m [[34minfo[0m]Container image registry.fly.io/hotdash-staging@sha256:dc135c99036fdf9959656a7145b8cffcadbbae7eeb1c2335f747148062946fae already prepared
[2m2025-10-10T18:35:44Z[0m runner[d8dd9eea046d08] [32mord[0m [[34minfo[0m]Configuring firecracker
[2m2025-10-10T18:35:44Z[0m app[d8dd9eea046d08] [32mord[0m [[34minfo[0m][32m INFO[0m Sending signal SIGINT to main child process w/ PID 642
[2m2025-10-10T18:35:44Z[0m app[56837ddda06568] [32mord[0m [[34minfo[0m]> docker-start
[2m2025-10-10T18:35:44Z[0m app[56837ddda06568] [32mord[0m [[34minfo[0m]> npm run setup && npm run start
[2m2025-10-10T18:35:44Z[0m app[56837ddda06568] [32mord[0m [[34minfo[0m]> setup
[2m2025-10-10T18:35:44Z[0m app[56837ddda06568] [32mord[0m [[34minfo[0m]> prisma generate && prisma migrate deploy
[2m2025-10-10T18:35:45Z[0m app[d8dd9eea046d08] [32mord[0m [[34minfo[0m][32m INFO[0m Main child exited normally with code: 0
[2m2025-10-10T18:35:45Z[0m app[d8dd9eea046d08] [32mord[0m [[34minfo[0m][32m INFO[0m Starting clean up.
[2m2025-10-10T18:35:45Z[0m app[d8dd9eea046d08] [32mord[0m [[34minfo[0m][40257.110415] reboot: Restarting system
[2m2025-10-10T18:35:45Z[0m app[d8dd9eea046d08] [32mord[0m [[34minfo[0m]2025-10-10T18:35:45.893664285 [01K77PGMA6G76Y3FZYRPPNK8SV:main] Running Firecracker v1.12.1
[2m2025-10-10T18:35:45Z[0m app[d8dd9eea046d08] [32mord[0m [[34minfo[0m]2025-10-10T18:35:45.893878149 [01K77PGMA6G76Y3FZYRPPNK8SV:main] Listening on API socket ("/fc.sock").
[2m2025-10-10T18:35:46Z[0m app[d8dd9eea046d08] [32mord[0m [[34minfo[0m][32m INFO[0m Starting init (commit: fedadb2e)...
[2m2025-10-10T18:35:46Z[0m app[d8dd9eea046d08] [32mord[0m [[34minfo[0m][32m INFO[0m Preparing to run: `docker-entrypoint.sh npm run docker-start` as root
[2m2025-10-10T18:35:46Z[0m app[d8dd9eea046d08] [32mord[0m [[34minfo[0m][32m INFO[0m [fly api proxy] listening at /.fly/api
[2m2025-10-10T18:35:46Z[0m runner[d8dd9eea046d08] [32mord[0m [[34minfo[0m]Machine created and started in 2.6s
[2m2025-10-10T18:35:47Z[0m app[d8dd9eea046d08] [32mord[0m [[34minfo[0m]2025/10/10 18:35:47 INFO SSH listening listen_address=[fdaa:2f:2a68:a7b:2a9:4260:f5fe:2]:22
[2m2025-10-10T18:35:47Z[0m app[d8dd9eea046d08] [32mord[0m [[34minfo[0m]> docker-start
[2m2025-10-10T18:35:47Z[0m app[d8dd9eea046d08] [32mord[0m [[34minfo[0m]> npm run setup && npm run start
[2m2025-10-10T18:35:47Z[0m app[d8dd9eea046d08] [32mord[0m [[34minfo[0m]> setup
[2m2025-10-10T18:35:47Z[0m app[d8dd9eea046d08] [32mord[0m [[34minfo[0m]> prisma generate && prisma migrate deploy
[2m2025-10-10T18:35:54Z[0m app[56837ddda06568] [32mord[0m [[34minfo[0m]Environment variables loaded from .env
[2m2025-10-10T18:35:54Z[0m app[56837ddda06568] [32mord[0m [[34minfo[0m]Prisma schema loaded from prisma/schema.prisma
[2m2025-10-10T18:35:57Z[0m app[d8dd9eea046d08] [32mord[0m [[34minfo[0m]Environment variables loaded from .env
[2m2025-10-10T18:35:57Z[0m app[d8dd9eea046d08] [32mord[0m [[34minfo[0m]Prisma schema loaded from prisma/schema.prisma
[2m2025-10-10T18:35:57Z[0m app[56837ddda06568] [32mord[0m [[34minfo[0m]âœ” Generated Prisma Client (v6.16.3) to ./node_modules/@prisma/client in 979ms
[2m2025-10-10T18:35:57Z[0m app[56837ddda06568] [32mord[0m [[34minfo[0m]Start by importing your Prisma Client (See: https://pris.ly/d/importing-client)
[2m2025-10-10T18:35:57Z[0m app[56837ddda06568] [32mord[0m [[34minfo[0m]Tip: Want to turn off tips and other hints? https://pris.ly/tip-4-nohints
[2m2025-10-10T18:35:58Z[0m app[d8dd9eea046d08] [32mord[0m [[34minfo[0m]âœ” Generated Prisma Client (v6.16.3) to ./node_modules/@prisma/client in 309ms
[2m2025-10-10T18:35:58Z[0m app[d8dd9eea046d08] [32mord[0m [[34minfo[0m]Start by importing your Prisma Client (See: https://pris.ly/d/importing-client)
[2m2025-10-10T18:35:58Z[0m app[d8dd9eea046d08] [32mord[0m [[34minfo[0m]Tip: Want to turn off tips and other hints? https://pris.ly/tip-4-nohints
[2m2025-10-10T18:35:59Z[0m app[56837ddda06568] [32mord[0m [[34minfo[0m]Environment variables loaded from .env
[2m2025-10-10T18:35:59Z[0m app[56837ddda06568] [32mord[0m [[34minfo[0m]Prisma schema loaded from prisma/schema.prisma
[2m2025-10-10T18:35:59Z[0m app[56837ddda06568] [32mord[0m [[34minfo[0m]Datasource "db": SQLite database "dev.sqlite" at "file:dev.sqlite"
[2m2025-10-10T18:35:59Z[0m app[56837ddda06568] [32mord[0m [[34minfo[0m]3 migrations found in prisma/migrations
[2m2025-10-10T18:35:59Z[0m app[56837ddda06568] [32mord[0m [[34minfo[0m]â”Œâ”€â”€â”€â”€â”€â”€â”€â”€â”€â”€â”€â”€â”€â”€â”€â”€â”€â”€â”€â”€â”€â”€â”€â”€â”€â”€â”€â”€â”€â”€â”€â”€â”€â”€â”€â”€â”€â”€â”€â”€â”€â”€â”€â”€â”€â”€â”€â”€â”€â”€â”€â”€â”€â”€â”€â”€â”€â”
[2m2025-10-10T18:35:59Z[0m app[56837ddda06568] [32mord[0m [[34minfo[0m]â”‚  Update available 6.16.3 -> 6.17.1                      â”‚
[2m2025-10-10T18:35:59Z[0m app[56837ddda06568] [32mord[0m [[34minfo[0m]â”‚  Run the following to update                            â”‚
[2m2025-10-10T18:35:59Z[0m app[56837ddda06568] [32mord[0m [[34minfo[0m]â”‚    npm i --save-dev prisma@latest                       â”‚
[2m2025-10-10T18:35:59Z[0m app[56837ddda06568] [32mord[0m [[34minfo[0m]â”‚    npm i @prisma/client@latest                          â”‚
[2m2025-10-10T18:35:59Z[0m app[56837ddda06568] [32mord[0m [[34minfo[0m]â””â”€â”€â”€â”€â”€â”€â”€â”€â”€â”€â”€â”€â”€â”€â”€â”€â”€â”€â”€â”€â”€â”€â”€â”€â”€â”€â”€â”€â”€â”€â”€â”€â”€â”€â”€â”€â”€â”€â”€â”€â”€â”€â”€â”€â”€â”€â”€â”€â”€â”€â”€â”€â”€â”€â”€â”€â”€â”˜
[2m2025-10-10T18:35:59Z[0m app[56837ddda06568] [32mord[0m [[34minfo[0m]No pending migrations to apply.
[2m2025-10-10T18:35:59Z[0m app[56837ddda06568] [32mord[0m [[34minfo[0m]> start
[2m2025-10-10T18:35:59Z[0m app[56837ddda06568] [32mord[0m [[34minfo[0m]> react-router-serve ./build/server/index.js --host 0.0.0.0
[2m2025-10-10T18:36:00Z[0m app[56837ddda06568] [32mord[0m [[34minfo[0m][shopify-api/INFO] version 12.0.0, environment React Router
[2m2025-10-10T18:36:00Z[0m app[56837ddda06568] [32mord[0m [[34minfo[0m][react-router-serve] http://localhost:3000 (http://0.0.0.0:3000)
[2m2025-10-10T18:36:01Z[0m app[d8dd9eea046d08] [32mord[0m [[34minfo[0m]Environment variables loaded from .env
[2m2025-10-10T18:36:01Z[0m app[d8dd9eea046d08] [32mord[0m [[34minfo[0m]Prisma schema loaded from prisma/schema.prisma
[2m2025-10-10T18:36:01Z[0m app[d8dd9eea046d08] [32mord[0m [[34minfo[0m]Datasource "db": SQLite database "dev.sqlite" at "file:dev.sqlite"
[2m2025-10-10T18:36:01Z[0m app[d8dd9eea046d08] [32mord[0m [[34minfo[0m]3 migrations found in prisma/migrations
[2m2025-10-10T18:36:01Z[0m app[d8dd9eea046d08] [32mord[0m [[34minfo[0m]â”Œâ”€â”€â”€â”€â”€â”€â”€â”€â”€â”€â”€â”€â”€â”€â”€â”€â”€â”€â”€â”€â”€â”€â”€â”€â”€â”€â”€â”€â”€â”€â”€â”€â”€â”€â”€â”€â”€â”€â”€â”€â”€â”€â”€â”€â”€â”€â”€â”€â”€â”€â”€â”€â”€â”€â”€â”€â”€â”
[2m2025-10-10T18:36:01Z[0m app[d8dd9eea046d08] [32mord[0m [[34minfo[0m]â”‚  Update available 6.16.3 -> 6.17.1                      â”‚
[2m2025-10-10T18:36:01Z[0m app[d8dd9eea046d08] [32mord[0m [[34minfo[0m]â”‚  Run the following to update                            â”‚
[2m2025-10-10T18:36:01Z[0m app[d8dd9eea046d08] [32mord[0m [[34minfo[0m]â”‚    npm i --save-dev prisma@latest                       â”‚
[2m2025-10-10T18:36:01Z[0m app[d8dd9eea046d08] [32mord[0m [[34minfo[0m]â”‚    npm i @prisma/client@latest                          â”‚
[2m2025-10-10T18:36:01Z[0m app[d8dd9eea046d08] [32mord[0m [[34minfo[0m]â””â”€â”€â”€â”€â”€â”€â”€â”€â”€â”€â”€â”€â”€â”€â”€â”€â”€â”€â”€â”€â”€â”€â”€â”€â”€â”€â”€â”€â”€â”€â”€â”€â”€â”€â”€â”€â”€â”€â”€â”€â”€â”€â”€â”€â”€â”€â”€â”€â”€â”€â”€â”€â”€â”€â”€â”€â”€â”˜
[2m2025-10-10T18:36:01Z[0m app[d8dd9eea046d08] [32mord[0m [[34minfo[0m]No pending migrations to apply.
[2m2025-10-10T18:36:01Z[0m app[d8dd9eea046d08] [32mord[0m [[34minfo[0m]> start
[2m2025-10-10T18:36:01Z[0m app[d8dd9eea046d08] [32mord[0m [[34minfo[0m]> react-router-serve ./build/server/index.js --host 0.0.0.0
[2m2025-10-10T18:36:02Z[0m app[d8dd9eea046d08] [32mord[0m [[34minfo[0m][shopify-api/INFO] version 12.0.0, environment React Router
[2m2025-10-10T18:36:02Z[0m app[d8dd9eea046d08] [32mord[0m [[34minfo[0m][react-router-serve] http://localhost:3000 (http://0.0.0.0:3000)
