[2m2025-10-10T19:19:03Z[0m app[8d9515fe056ed8] [32mord[0m [[34minfo[0m]F, [2025-10-10T19:19:03.309467 #643] FATAL -- : [1fc55461-e5c4-473b-b277-0a471c8b8598]
[2m2025-10-10T19:19:03Z[0m app[8d9515fe056ed8] [32mord[0m [[34minfo[0m][1fc55461-e5c4-473b-b277-0a471c8b8598] ActionController::RoutingError (No route matches [GET] "/hc"):
[2m2025-10-10T19:19:03Z[0m app[8d9515fe056ed8] [32mord[0m [[34minfo[0m][1fc55461-e5c4-473b-b277-0a471c8b8598]
[2m2025-10-10T19:19:18Z[0m app[8d9515fe056ed8] [32mord[0m [[34minfo[0m]I, [2025-10-10T19:19:18.313872 #643]  INFO -- : [fd58a2e9-e75e-4be2-aa62-e0afa76cacdf] Started GET "/hc" for 172.19.14.97 at 2025-10-10 19:19:18 +0000
[2m2025-10-10T19:19:18Z[0m app[8d9515fe056ed8] [32mord[0m [[34minfo[0m]F, [2025-10-10T19:19:18.318772 #643] FATAL -- : [fd58a2e9-e75e-4be2-aa62-e0afa76cacdf]
[2m2025-10-10T19:19:18Z[0m app[8d9515fe056ed8] [32mord[0m [[34minfo[0m][fd58a2e9-e75e-4be2-aa62-e0afa76cacdf] ActionController::RoutingError (No route matches [GET] "/hc"):
[2m2025-10-10T19:19:18Z[0m app[8d9515fe056ed8] [32mord[0m [[34minfo[0m][fd58a2e9-e75e-4be2-aa62-e0afa76cacdf]
[2m2025-10-10T19:19:28Z[0m app[48e2d61cdd1398] [32mord[0m [[34minfo[0m]I, [2025-10-10T19:19:28.366851 #644]  INFO -- : [ActiveJob] [Inboxes::FetchImapEmailInboxesJob] [f764b914-9817-4c0b-99c6-f3b0f2e91787] Performing Inboxes::FetchImapEmailInboxesJob (Job ID: f764b914-9817-4c0b-99c6-f3b0f2e91787) from Sidekiq(scheduled_jobs) enqueued at 2025-10-10T19:19:28.362913995Z
[2m2025-10-10T19:19:28Z[0m app[48e2d61cdd1398] [32mord[0m [[34minfo[0m]I, [2025-10-10T19:19:28.366988 #644]  INFO -- : [ActiveJob] Enqueued Inboxes::FetchImapEmailInboxesJob (Job ID: f764b914-9817-4c0b-99c6-f3b0f2e91787) to Sidekiq(scheduled_jobs)
[2m2025-10-10T19:19:28Z[0m app[48e2d61cdd1398] [32mord[0m [[34minfo[0m]I, [2025-10-10T19:19:28.422059 #644]  INFO -- : [ActiveJob] [Inboxes::FetchImapEmailInboxesJob] [f764b914-9817-4c0b-99c6-f3b0f2e91787] Performed Inboxes::FetchImapEmailInboxesJob (Job ID: f764b914-9817-4c0b-99c6-f3b0f2e91787) from Sidekiq(scheduled_jobs) in 55.26ms
[2m2025-10-10T19:19:33Z[0m app[8d9515fe056ed8] [32mord[0m [[34minfo[0m]I, [2025-10-10T19:19:33.323129 #643]  INFO -- : [b351e3f7-a416-4e06-92a8-92d4e2b10465] Started GET "/hc" for 172.19.14.97 at 2025-10-10 19:19:33 +0000
[2m2025-10-10T19:19:33Z[0m app[8d9515fe056ed8] [32mord[0m [[34minfo[0m]F, [2025-10-10T19:19:33.338946 #643] FATAL -- : [b351e3f7-a416-4e06-92a8-92d4e2b10465]
[2m2025-10-10T19:19:33Z[0m app[8d9515fe056ed8] [32mord[0m [[34minfo[0m][b351e3f7-a416-4e06-92a8-92d4e2b10465] ActionController::RoutingError (No route matches [GET] "/hc"):
[2m2025-10-10T19:19:33Z[0m app[8d9515fe056ed8] [32mord[0m [[34minfo[0m][b351e3f7-a416-4e06-92a8-92d4e2b10465]
[2m2025-10-10T19:19:48Z[0m app[8d9515fe056ed8] [32mord[0m [[34minfo[0m]I, [2025-10-10T19:19:48.344373 #643]  INFO -- : [3996fb58-e8b4-4b15-95f1-3b76fb449227] Started GET "/hc" for 172.19.14.97 at 2025-10-10 19:19:48 +0000
[2m2025-10-10T19:19:48Z[0m app[8d9515fe056ed8] [32mord[0m [[34minfo[0m]F, [2025-10-10T19:19:48.347623 #643] FATAL -- : [3996fb58-e8b4-4b15-95f1-3b76fb449227]
[2m2025-10-10T19:19:48Z[0m app[8d9515fe056ed8] [32mord[0m [[34minfo[0m][3996fb58-e8b4-4b15-95f1-3b76fb449227] ActionController::RoutingError (No route matches [GET] "/hc"):
[2m2025-10-10T19:19:48Z[0m app[8d9515fe056ed8] [32mord[0m [[34minfo[0m][3996fb58-e8b4-4b15-95f1-3b76fb449227]
[2m2025-10-10T19:20:03Z[0m app[48e2d61cdd1398] [32mord[0m [[34minfo[0m]I, [2025-10-10T19:20:03.003733 #644]  INFO -- : [ActiveJob] Enqueued Inboxes::FetchImapEmailInboxesJob (Job ID: 5505adae-5d72-4057-a826-541d5e3d860e) to Sidekiq(scheduled_jobs)
[2m2025-10-10T19:20:03Z[0m app[48e2d61cdd1398] [32mord[0m [[34minfo[0m]I, [2025-10-10T19:20:03.004574 #644]  INFO -- : [ActiveJob] [Inboxes::FetchImapEmailInboxesJob] [5505adae-5d72-4057-a826-541d5e3d860e] Performing Inboxes::FetchImapEmailInboxesJob (Job ID: 5505adae-5d72-4057-a826-541d5e3d860e) from Sidekiq(scheduled_jobs) enqueued at 2025-10-10T19:20:02.999840170Z
[2m2025-10-10T19:20:03Z[0m app[48e2d61cdd1398] [32mord[0m [[34minfo[0m]I, [2025-10-10T19:20:03.027612 #644]  INFO -- : [ActiveJob] Enqueued TriggerScheduledItemsJob (Job ID: c74806b8-b7c9-42a9-9a3b-0963fb5aed65) to Sidekiq(scheduled_jobs)
[2m2025-10-10T19:20:03Z[0m app[48e2d61cdd1398] [32mord[0m [[34minfo[0m]I, [2025-10-10T19:20:03.028360 #644]  INFO -- : [ActiveJob] [TriggerScheduledItemsJob] [c74806b8-b7c9-42a9-9a3b-0963fb5aed65] Performing TriggerScheduledItemsJob (Job ID: c74806b8-b7c9-42a9-9a3b-0963fb5aed65) from Sidekiq(scheduled_jobs) enqueued at 2025-10-10T19:20:03.023645849Z
[2m2025-10-10T19:20:03Z[0m app[48e2d61cdd1398] [32mord[0m [[34minfo[0m]I, [2025-10-10T19:20:03.056675 #644]  INFO -- : [ActiveJob] [Inboxes::FetchImapEmailInboxesJob] [5505adae-5d72-4057-a826-541d5e3d860e] Performed Inboxes::FetchImapEmailInboxesJob (Job ID: 5505adae-5d72-4057-a826-541d5e3d860e) from Sidekiq(scheduled_jobs) in 52.07ms
[2m2025-10-10T19:20:03Z[0m app[48e2d61cdd1398] [32mord[0m [[34minfo[0m]I, [2025-10-10T19:20:03.098819 #644]  INFO -- : [ActiveJob] [Conversations::ReopenSnoozedConversationsJob] [dabc0873-4e46-4c65-a1a4-afe92cf33752] Performing Conversations::ReopenSnoozedConversationsJob (Job ID: dabc0873-4e46-4c65-a1a4-afe92cf33752) from Sidekiq(low) enqueued at 2025-10-10T19:20:03.094372025Z
[2m2025-10-10T19:20:03Z[0m app[48e2d61cdd1398] [32mord[0m [[34minfo[0m]I, [2025-10-10T19:20:03.098944 #644]  INFO -- : [ActiveJob] [TriggerScheduledItemsJob] [c74806b8-b7c9-42a9-9a3b-0963fb5aed65] Enqueued Conversations::ReopenSnoozedConversationsJob (Job ID: dabc0873-4e46-4c65-a1a4-afe92cf33752) to Sidekiq(low)
[2m2025-10-10T19:20:03Z[0m app[48e2d61cdd1398] [32mord[0m [[34minfo[0m]I, [2025-10-10T19:20:03.107535 #644]  INFO -- : [ActiveJob] [Notification::ReopenSnoozedNotificationsJob] [401ce945-cca6-43bd-adf5-f57f266f058f] Performing Notification::ReopenSnoozedNotificationsJob (Job ID: 401ce945-cca6-43bd-adf5-f57f266f058f) from Sidekiq(low) enqueued at 2025-10-10T19:20:03.103666444Z
[2m2025-10-10T19:20:03Z[0m app[48e2d61cdd1398] [32mord[0m [[34minfo[0m]I, [2025-10-10T19:20:03.107646 #644]  INFO -- : [ActiveJob] [TriggerScheduledItemsJob] [c74806b8-b7c9-42a9-9a3b-0963fb5aed65] Enqueued Notification::ReopenSnoozedNotificationsJob (Job ID: 401ce945-cca6-43bd-adf5-f57f266f058f) to Sidekiq(low)
[2m2025-10-10T19:20:03Z[0m app[48e2d61cdd1398] [32mord[0m [[34minfo[0m]I, [2025-10-10T19:20:03.113042 #644]  INFO -- : [ActiveJob] [Account::ConversationsResolutionSchedulerJob] [2cb7880f-9efe-473b-9501-07b9b4b0017c] Performing Account::ConversationsResolutionSchedulerJob (Job ID: 2cb7880f-9efe-473b-9501-07b9b4b0017c) from Sidekiq(scheduled_jobs) enqueued at 2025-10-10T19:20:03.109333544Z
[2m2025-10-10T19:20:03Z[0m app[48e2d61cdd1398] [32mord[0m [[34minfo[0m]I, [2025-10-10T19:20:03.113269 #644]  INFO -- : [ActiveJob] [TriggerScheduledItemsJob] [c74806b8-b7c9-42a9-9a3b-0963fb5aed65] Enqueued Account::ConversationsResolutionSchedulerJob (Job ID: 2cb7880f-9efe-473b-9501-07b9b4b0017c) to Sidekiq(scheduled_jobs)
[2m2025-10-10T19:20:03Z[0m app[48e2d61cdd1398] [32mord[0m [[34minfo[0m]I, [2025-10-10T19:20:03.118002 #644]  INFO -- : [ActiveJob] [TriggerScheduledItemsJob] [c74806b8-b7c9-42a9-9a3b-0963fb5aed65] Enqueued Channels::Whatsapp::TemplatesSyncSchedulerJob (Job ID: 0cf2518c-4cc4-4f4d-bac5-c6ea1edb8e9b) to Sidekiq(low)
[2m2025-10-10T19:20:03Z[0m app[48e2d61cdd1398] [32mord[0m [[34minfo[0m]I, [2025-10-10T19:20:03.118646 #644]  INFO -- : [ActiveJob] [Channels::Whatsapp::TemplatesSyncSchedulerJob] [0cf2518c-4cc4-4f4d-bac5-c6ea1edb8e9b] Performing Channels::Whatsapp::TemplatesSyncSchedulerJob (Job ID: 0cf2518c-4cc4-4f4d-bac5-c6ea1edb8e9b) from Sidekiq(low) enqueued at 2025-10-10T19:20:03.114305063Z
[2m2025-10-10T19:20:03Z[0m app[48e2d61cdd1398] [32mord[0m [[34minfo[0m]I, [2025-10-10T19:20:03.123073 #644]  INFO -- : [ActiveJob] [Notification::RemoveOldNotificationJob] [e66b4061-ec77-4299-870c-23894d784506] Performing Notification::RemoveOldNotificationJob (Job ID: e66b4061-ec77-4299-870c-23894d784506) from Sidekiq(low) enqueued at 2025-10-10T19:20:03.118795453Z
[2m2025-10-10T19:20:03Z[0m app[48e2d61cdd1398] [32mord[0m [[34minfo[0m]I, [2025-10-10T19:20:03.123276 #644]  INFO -- : [ActiveJob] [TriggerScheduledItemsJob] [c74806b8-b7c9-42a9-9a3b-0963fb5aed65] Enqueued Notification::RemoveOldNotificationJob (Job ID: e66b4061-ec77-4299-870c-23894d784506) to Sidekiq(low)
[2m2025-10-10T19:20:03Z[0m app[48e2d61cdd1398] [32mord[0m [[34minfo[0m]I, [2025-10-10T19:20:03.129385 #644]  INFO -- : [ActiveJob] [Sla::TriggerSlasForAccountsJob] [0b264deb-a398-402d-8311-d1e6128c46c6] Performing Sla::TriggerSlasForAccountsJob (Job ID: 0b264deb-a398-402d-8311-d1e6128c46c6) from Sidekiq(scheduled_jobs) enqueued at 2025-10-10T19:20:03.125146453Z
[2m2025-10-10T19:20:03Z[0m app[48e2d61cdd1398] [32mord[0m [[34minfo[0m]I, [2025-10-10T19:20:03.129560 #644]  INFO -- : [ActiveJob] [TriggerScheduledItemsJob] [c74806b8-b7c9-42a9-9a3b-0963fb5aed65] Enqueued Sla::TriggerSlasForAccountsJob (Job ID: 0b264deb-a398-402d-8311-d1e6128c46c6) to Sidekiq(scheduled_jobs)
[2m2025-10-10T19:20:03Z[0m app[48e2d61cdd1398] [32mord[0m [[34minfo[0m]I, [2025-10-10T19:20:03.130690 #644]  INFO -- : [ActiveJob] [TriggerScheduledItemsJob] [c74806b8-b7c9-42a9-9a3b-0963fb5aed65] Performed TriggerScheduledItemsJob (Job ID: c74806b8-b7c9-42a9-9a3b-0963fb5aed65) from Sidekiq(scheduled_jobs) in 102.36ms
[2m2025-10-10T19:20:03Z[0m app[48e2d61cdd1398] [32mord[0m [[34minfo[0m]I, [2025-10-10T19:20:03.157604 #644]  INFO -- : [ActiveJob] [Notification::ReopenSnoozedNotificationsJob] [401ce945-cca6-43bd-adf5-f57f266f058f] Performed Notification::ReopenSnoozedNotificationsJob (Job ID: 401ce945-cca6-43bd-adf5-f57f266f058f) from Sidekiq(low) in 50.11ms
[2m2025-10-10T19:20:03Z[0m app[48e2d61cdd1398] [32mord[0m [[34minfo[0m]I, [2025-10-10T19:20:03.178541 #644]  INFO -- : [ActiveJob] [Sla::TriggerSlasForAccountsJob] [0b264deb-a398-402d-8311-d1e6128c46c6] Performed Sla::TriggerSlasForAccountsJob (Job ID: 0b264deb-a398-402d-8311-d1e6128c46c6) from Sidekiq(scheduled_jobs) in 49.16ms
[2m2025-10-10T19:20:03Z[0m app[48e2d61cdd1398] [32mord[0m [[34minfo[0m]I, [2025-10-10T19:20:03.179675 #644]  INFO -- : [ActiveJob] [Conversations::ReopenSnoozedConversationsJob] [dabc0873-4e46-4c65-a1a4-afe92cf33752] Performed Conversations::ReopenSnoozedConversationsJob (Job ID: dabc0873-4e46-4c65-a1a4-afe92cf33752) from Sidekiq(low) in 80.95ms
[2m2025-10-10T19:20:03Z[0m app[48e2d61cdd1398] [32mord[0m [[34minfo[0m]I, [2025-10-10T19:20:03.183105 #644]  INFO -- : [ActiveJob] [Channels::Whatsapp::TemplatesSyncSchedulerJob] [0cf2518c-4cc4-4f4d-bac5-c6ea1edb8e9b] Performed Channels::Whatsapp::TemplatesSyncSchedulerJob (Job ID: 0cf2518c-4cc4-4f4d-bac5-c6ea1edb8e9b) from Sidekiq(low) in 64.48ms
[2m2025-10-10T19:20:03Z[0m app[48e2d61cdd1398] [32mord[0m [[34minfo[0m]I, [2025-10-10T19:20:03.196869 #644]  INFO -- : [ActiveJob] [Notification::RemoveOldNotificationJob] [e66b4061-ec77-4299-870c-23894d784506] Performed Notification::RemoveOldNotificationJob (Job ID: e66b4061-ec77-4299-870c-23894d784506) from Sidekiq(low) in 73.8ms
[2m2025-10-10T19:20:03Z[0m app[48e2d61cdd1398] [32mord[0m [[34minfo[0m]I, [2025-10-10T19:20:03.202563 #644]  INFO -- : [ActiveJob] [Account::ConversationsResolutionSchedulerJob] [2cb7880f-9efe-473b-9501-07b9b4b0017c] Performed Account::ConversationsResolutionSchedulerJob (Job ID: 2cb7880f-9efe-473b-9501-07b9b4b0017c) from Sidekiq(scheduled_jobs) in 89.52ms
[2m2025-10-10T19:20:03Z[0m app[8d9515fe056ed8] [32mord[0m [[34minfo[0m]I, [2025-10-10T19:20:03.351997 #643]  INFO -- : [dec2d6b3-8dbc-405a-9261-cf0ec7f66d4b] Started GET "/hc" for 172.19.14.97 at 2025-10-10 19:20:03 +0000
[2m2025-10-10T19:20:03Z[0m app[8d9515fe056ed8] [32mord[0m [[34minfo[0m]F, [2025-10-10T19:20:03.355847 #643] FATAL -- : [dec2d6b3-8dbc-405a-9261-cf0ec7f66d4b]
[2m2025-10-10T19:20:03Z[0m app[8d9515fe056ed8] [32mord[0m [[34minfo[0m][dec2d6b3-8dbc-405a-9261-cf0ec7f66d4b] ActionController::RoutingError (No route matches [GET] "/hc"):
[2m2025-10-10T19:20:03Z[0m app[8d9515fe056ed8] [32mord[0m [[34minfo[0m][dec2d6b3-8dbc-405a-9261-cf0ec7f66d4b]
[2m2025-10-10T19:20:18Z[0m app[8d9515fe056ed8] [32mord[0m [[34minfo[0m]I, [2025-10-10T19:20:18.360559 #643]  INFO -- : [0dc0ba92-1dcb-49af-ab2d-7fad5ea6c85e] Started GET "/hc" for 172.19.14.97 at 2025-10-10 19:20:18 +0000
[2m2025-10-10T19:20:18Z[0m app[8d9515fe056ed8] [32mord[0m [[34minfo[0m]F, [2025-10-10T19:20:18.365193 #643] FATAL -- : [0dc0ba92-1dcb-49af-ab2d-7fad5ea6c85e]
[2m2025-10-10T19:20:18Z[0m app[8d9515fe056ed8] [32mord[0m [[34minfo[0m][0dc0ba92-1dcb-49af-ab2d-7fad5ea6c85e] ActionController::RoutingError (No route matches [GET] "/hc"):
[2m2025-10-10T19:20:18Z[0m app[8d9515fe056ed8] [32mord[0m [[34minfo[0m][0dc0ba92-1dcb-49af-ab2d-7fad5ea6c85e]
[2m2025-10-10T19:20:33Z[0m app[8d9515fe056ed8] [32mord[0m [[34minfo[0m]I, [2025-10-10T19:20:33.369764 #643]  INFO -- : [90d2f453-a2ed-4bb1-b1e2-c3e1340ca7d6] Started GET "/hc" for 172.19.14.97 at 2025-10-10 19:20:33 +0000
[2m2025-10-10T19:20:33Z[0m app[8d9515fe056ed8] [32mord[0m [[34minfo[0m]F, [2025-10-10T19:20:33.373610 #643] FATAL -- : [90d2f453-a2ed-4bb1-b1e2-c3e1340ca7d6]
[2m2025-10-10T19:20:33Z[0m app[8d9515fe056ed8] [32mord[0m [[34minfo[0m][90d2f453-a2ed-4bb1-b1e2-c3e1340ca7d6] ActionController::RoutingError (No route matches [GET] "/hc"):
[2m2025-10-10T19:20:33Z[0m app[8d9515fe056ed8] [32mord[0m [[34minfo[0m][90d2f453-a2ed-4bb1-b1e2-c3e1340ca7d6]
[2m2025-10-10T19:20:48Z[0m app[8d9515fe056ed8] [32mord[0m [[34minfo[0m]I, [2025-10-10T19:20:48.379485 #643]  INFO -- : [3a9b05bf-de79-49e4-b650-1745a5cf861e] Started GET "/hc" for 172.19.14.97 at 2025-10-10 19:20:48 +0000
[2m2025-10-10T19:20:48Z[0m app[8d9515fe056ed8] [32mord[0m [[34minfo[0m]F, [2025-10-10T19:20:48.383947 #643] FATAL -- : [3a9b05bf-de79-49e4-b650-1745a5cf861e]
[2m2025-10-10T19:20:48Z[0m app[8d9515fe056ed8] [32mord[0m [[34minfo[0m][3a9b05bf-de79-49e4-b650-1745a5cf861e] ActionController::RoutingError (No route matches [GET] "/hc"):
[2m2025-10-10T19:20:48Z[0m app[8d9515fe056ed8] [32mord[0m [[34minfo[0m][3a9b05bf-de79-49e4-b650-1745a5cf861e]
[2m2025-10-10T19:21:03Z[0m app[8d9515fe056ed8] [32mord[0m [[34minfo[0m]I, [2025-10-10T19:21:03.389479 #643]  INFO -- : [d2686af8-bcea-4405-8053-d3b77f1ad9eb] Started GET "/hc" for 172.19.14.97 at 2025-10-10 19:21:03 +0000
[2m2025-10-10T19:21:03Z[0m app[8d9515fe056ed8] [32mord[0m [[34minfo[0m]F, [2025-10-10T19:21:03.393122 #643] FATAL -- : [d2686af8-bcea-4405-8053-d3b77f1ad9eb]
[2m2025-10-10T19:21:03Z[0m app[8d9515fe056ed8] [32mord[0m [[34minfo[0m][d2686af8-bcea-4405-8053-d3b77f1ad9eb] ActionController::RoutingError (No route matches [GET] "/hc"):
[2m2025-10-10T19:21:03Z[0m app[8d9515fe056ed8] [32mord[0m [[34minfo[0m][d2686af8-bcea-4405-8053-d3b77f1ad9eb]
[2m2025-10-10T19:21:09Z[0m app[48e2d61cdd1398] [32mord[0m [[34minfo[0m]I, [2025-10-10T19:21:09.475811 #644]  INFO -- : [ActiveJob] [Inboxes::FetchImapEmailInboxesJob] [18ac342e-797c-4161-b3f3-cf26813272fd] Performing Inboxes::FetchImapEmailInboxesJob (Job ID: 18ac342e-797c-4161-b3f3-cf26813272fd) from Sidekiq(scheduled_jobs) enqueued at 2025-10-10T19:21:09.471270964Z
[2m2025-10-10T19:21:09Z[0m app[48e2d61cdd1398] [32mord[0m [[34minfo[0m]I, [2025-10-10T19:21:09.475926 #644]  INFO -- : [ActiveJob] Enqueued Inboxes::FetchImapEmailInboxesJob (Job ID: 18ac342e-797c-4161-b3f3-cf26813272fd) to Sidekiq(scheduled_jobs)
[2m2025-10-10T19:21:09Z[0m app[48e2d61cdd1398] [32mord[0m [[34minfo[0m]I, [2025-10-10T19:21:09.531785 #644]  INFO -- : [ActiveJob] [Inboxes::FetchImapEmailInboxesJob] [18ac342e-797c-4161-b3f3-cf26813272fd] Performed Inboxes::FetchImapEmailInboxesJob (Job ID: 18ac342e-797c-4161-b3f3-cf26813272fd) from Sidekiq(scheduled_jobs) in 55.98ms
[2m2025-10-10T19:21:18Z[0m app[8d9515fe056ed8] [32mord[0m [[34minfo[0m]I, [2025-10-10T19:21:18.397480 #643]  INFO -- : [d20f9169-2dba-446e-8388-1637b9b928cf] Started GET "/hc" for 172.19.14.97 at 2025-10-10 19:21:18 +0000
[2m2025-10-10T19:21:18Z[0m app[8d9515fe056ed8] [32mord[0m [[34minfo[0m]F, [2025-10-10T19:21:18.401798 #643] FATAL -- : [d20f9169-2dba-446e-8388-1637b9b928cf]
[2m2025-10-10T19:21:18Z[0m app[8d9515fe056ed8] [32mord[0m [[34minfo[0m][d20f9169-2dba-446e-8388-1637b9b928cf] ActionController::RoutingError (No route matches [GET] "/hc"):
[2m2025-10-10T19:21:18Z[0m app[8d9515fe056ed8] [32mord[0m [[34minfo[0m][d20f9169-2dba-446e-8388-1637b9b928cf]
[2m2025-10-10T19:21:33Z[0m app[8d9515fe056ed8] [32mord[0m [[34minfo[0m]I, [2025-10-10T19:21:33.406553 #643]  INFO -- : [451af6e1-fdec-4145-9e6b-8b1c45249f05] Started GET "/hc" for 172.19.14.97 at 2025-10-10 19:21:33 +0000
[2m2025-10-10T19:21:33Z[0m app[8d9515fe056ed8] [32mord[0m [[34minfo[0m]F, [2025-10-10T19:21:33.410146 #643] FATAL -- : [451af6e1-fdec-4145-9e6b-8b1c45249f05]
[2m2025-10-10T19:21:33Z[0m app[8d9515fe056ed8] [32mord[0m [[34minfo[0m][451af6e1-fdec-4145-9e6b-8b1c45249f05] ActionController::RoutingError (No route matches [GET] "/hc"):
[2m2025-10-10T19:21:33Z[0m app[8d9515fe056ed8] [32mord[0m [[34minfo[0m][451af6e1-fdec-4145-9e6b-8b1c45249f05]
[2m2025-10-10T19:21:48Z[0m app[8d9515fe056ed8] [32mord[0m [[34minfo[0m]I, [2025-10-10T19:21:48.415173 #643]  INFO -- : [ad879d99-df4d-4278-8259-afbc32465842] Started GET "/hc" for 172.19.14.97 at 2025-10-10 19:21:48 +0000
[2m2025-10-10T19:21:48Z[0m app[8d9515fe056ed8] [32mord[0m [[34minfo[0m]F, [2025-10-10T19:21:48.418482 #643] FATAL -- : [ad879d99-df4d-4278-8259-afbc32465842]
[2m2025-10-10T19:21:48Z[0m app[8d9515fe056ed8] [32mord[0m [[34minfo[0m][ad879d99-df4d-4278-8259-afbc32465842] ActionController::RoutingError (No route matches [GET] "/hc"):
[2m2025-10-10T19:21:48Z[0m app[8d9515fe056ed8] [32mord[0m [[34minfo[0m][ad879d99-df4d-4278-8259-afbc32465842]
[2m2025-10-10T19:22:03Z[0m app[8d9515fe056ed8] [32mord[0m [[34minfo[0m]I, [2025-10-10T19:22:03.423420 #643]  INFO -- : [929275cd-79d7-4ee4-b00d-dd5e60eb7006] Started GET "/hc" for 172.19.14.97 at 2025-10-10 19:22:03 +0000
[2m2025-10-10T19:22:03Z[0m app[8d9515fe056ed8] [32mord[0m [[34minfo[0m]F, [2025-10-10T19:22:03.427424 #643] FATAL -- : [929275cd-79d7-4ee4-b00d-dd5e60eb7006]
[2m2025-10-10T19:22:03Z[0m app[8d9515fe056ed8] [32mord[0m [[34minfo[0m][929275cd-79d7-4ee4-b00d-dd5e60eb7006] ActionController::RoutingError (No route matches [GET] "/hc"):
[2m2025-10-10T19:22:03Z[0m app[8d9515fe056ed8] [32mord[0m [[34minfo[0m][929275cd-79d7-4ee4-b00d-dd5e60eb7006]
[2m2025-10-10T19:22:09Z[0m app[48e2d61cdd1398] [32mord[0m [[34minfo[0m]I, [2025-10-10T19:22:09.372651 #644]  INFO -- : [ActiveJob] [Inboxes::FetchImapEmailInboxesJob] [f61b828d-5698-4e9d-95db-270b131e8919] Performing Inboxes::FetchImapEmailInboxesJob (Job ID: f61b828d-5698-4e9d-95db-270b131e8919) from Sidekiq(scheduled_jobs) enqueued at 2025-10-10T19:22:09.368615507Z
[2m2025-10-10T19:22:09Z[0m app[48e2d61cdd1398] [32mord[0m [[34minfo[0m]I, [2025-10-10T19:22:09.373872 #644]  INFO -- : [ActiveJob] Enqueued Inboxes::FetchImapEmailInboxesJob (Job ID: f61b828d-5698-4e9d-95db-270b131e8919) to Sidekiq(scheduled_jobs)
[2m2025-10-10T19:22:09Z[0m app[48e2d61cdd1398] [32mord[0m [[34minfo[0m]I, [2025-10-10T19:22:09.425908 #644]  INFO -- : [ActiveJob] [Inboxes::FetchImapEmailInboxesJob] [f61b828d-5698-4e9d-95db-270b131e8919] Performed Inboxes::FetchImapEmailInboxesJob (Job ID: f61b828d-5698-4e9d-95db-270b131e8919) from Sidekiq(scheduled_jobs) in 53.28ms
[2m2025-10-10T19:22:18Z[0m app[8d9515fe056ed8] [32mord[0m [[34minfo[0m]I, [2025-10-10T19:22:18.432308 #643]  INFO -- : [b68a8c8d-ccd1-40bd-a757-d927e3770878] Started GET "/hc" for 172.19.14.97 at 2025-10-10 19:22:18 +0000
[2m2025-10-10T19:22:18Z[0m app[8d9515fe056ed8] [32mord[0m [[34minfo[0m]F, [2025-10-10T19:22:18.436499 #643] FATAL -- : [b68a8c8d-ccd1-40bd-a757-d927e3770878]
[2m2025-10-10T19:22:18Z[0m app[8d9515fe056ed8] [32mord[0m [[34minfo[0m][b68a8c8d-ccd1-40bd-a757-d927e3770878] ActionController::RoutingError (No route matches [GET] "/hc"):
[2m2025-10-10T19:22:18Z[0m app[8d9515fe056ed8] [32mord[0m [[34minfo[0m][b68a8c8d-ccd1-40bd-a757-d927e3770878]
[2m2025-10-10T19:22:33Z[0m app[8d9515fe056ed8] [32mord[0m [[34minfo[0m]I, [2025-10-10T19:22:33.440646 #643]  INFO -- : [e2cf734e-18bd-4bee-95fd-9b59438849ea] Started GET "/hc" for 172.19.14.97 at 2025-10-10 19:22:33 +0000
[2m2025-10-10T19:22:33Z[0m app[8d9515fe056ed8] [32mord[0m [[34minfo[0m]F, [2025-10-10T19:22:33.444810 #643] FATAL -- : [e2cf734e-18bd-4bee-95fd-9b59438849ea]
[2m2025-10-10T19:22:33Z[0m app[8d9515fe056ed8] [32mord[0m [[34minfo[0m][e2cf734e-18bd-4bee-95fd-9b59438849ea] ActionController::RoutingError (No route matches [GET] "/hc"):
[2m2025-10-10T19:22:33Z[0m app[8d9515fe056ed8] [32mord[0m [[34minfo[0m][e2cf734e-18bd-4bee-95fd-9b59438849ea]
[2m2025-10-10T19:22:48Z[0m app[8d9515fe056ed8] [32mord[0m [[34minfo[0m]I, [2025-10-10T19:22:48.449537 #643]  INFO -- : [750ff441-82d9-4390-88ff-3a8dd55d220f] Started GET "/hc" for 172.19.14.97 at 2025-10-10 19:22:48 +0000
[2m2025-10-10T19:22:48Z[0m app[8d9515fe056ed8] [32mord[0m [[34minfo[0m]F, [2025-10-10T19:22:48.453173 #643] FATAL -- : [750ff441-82d9-4390-88ff-3a8dd55d220f]
[2m2025-10-10T19:22:48Z[0m app[8d9515fe056ed8] [32mord[0m [[34minfo[0m][750ff441-82d9-4390-88ff-3a8dd55d220f] ActionController::RoutingError (No route matches [GET] "/hc"):
[2m2025-10-10T19:22:48Z[0m app[8d9515fe056ed8] [32mord[0m [[34minfo[0m][750ff441-82d9-4390-88ff-3a8dd55d220f]
[2m2025-10-10T19:23:03Z[0m app[8d9515fe056ed8] [32mord[0m [[34minfo[0m]I, [2025-10-10T19:23:03.457841 #643]  INFO -- : [deea6776-7f33-4b1a-9b64-24933e373f50] Started GET "/hc" for 172.19.14.97 at 2025-10-10 19:23:03 +0000
[2m2025-10-10T19:23:03Z[0m app[8d9515fe056ed8] [32mord[0m [[34minfo[0m]F, [2025-10-10T19:23:03.463004 #643] FATAL -- : [deea6776-7f33-4b1a-9b64-24933e373f50]
[2m2025-10-10T19:23:03Z[0m app[8d9515fe056ed8] [32mord[0m [[34minfo[0m][deea6776-7f33-4b1a-9b64-24933e373f50] ActionController::RoutingError (No route matches [GET] "/hc"):
[2m2025-10-10T19:23:03Z[0m app[8d9515fe056ed8] [32mord[0m [[34minfo[0m][deea6776-7f33-4b1a-9b64-24933e373f50]
