npm warn Unknown project config "auto-install-peers". This will stop working in the next major version of npm.
npm warn Unknown project config "shamefully-hoist". This will stop working in the next major version of npm.
npm warn Unknown project config "enable-pre-post-scripts". This will stop working in the next major version of npm.

> test:e2e
> playwright test --grep dashboard modals

[2m[WebServer] [22mnpm warn Unknown env config "auto-install-peers". This will stop working in the next major version of npm.
[2m[WebServer] [22mnpm warn Unknown env config "enable-pre-post-scripts". This will stop working in the next major version of npm.
[2m[WebServer] [22mnpm warn Unknown env config "shamefully-hoist". This will stop working in the next major version of npm.
[2m[WebServer] [22mnpm warn Unknown project config "auto-install-peers". This will stop working in the next major version of npm.
[2m[WebServer] [22mnpm warn Unknown project config "shamefully-hoist". This will stop working in the next major version of npm.
[2m[WebServer] [22mnpm warn Unknown project config "enable-pre-post-scripts". This will stop working in the next major version of npm.
[2m[WebServer] [22m[33mGenerated an empty chunk: "webhooks.app.scopes_update".[39m
[2m[WebServer] [22m[33mGenerated an empty chunk: "api.session-token.claims".[39m
[2m[WebServer] [22m[33mGenerated an empty chunk: "webhooks.app.uninstalled".[39m
[2m[WebServer] [22m[33mGenerated an empty chunk: "auth._".[39m
[2m[WebServer] [22mnpm warn Unknown env config "auto-install-peers". This will stop working in the next major version of npm.
[2m[WebServer] [22mnpm warn Unknown env config "enable-pre-post-scripts". This will stop working in the next major version of npm.
[2m[WebServer] [22mnpm warn Unknown env config "shamefully-hoist". This will stop working in the next major version of npm.
[2m[WebServer] [22mnpm warn Unknown project config "auto-install-peers". This will stop working in the next major version of npm.
[2m[WebServer] [22mnpm warn Unknown project config "shamefully-hoist". This will stop working in the next major version of npm.
[2m[WebServer] [22mnpm warn Unknown project config "enable-pre-post-scripts". This will stop working in the next major version of npm.

Running 2 tests using 1 worker

[2m[WebServer] [22mNo routes matched location "/admin/apps/hotdash" 
[2m[WebServer] [22mErrorResponseImpl {
[2m[WebServer] [22m  status: [33m404[39m,
[2m[WebServer] [22m  statusText: [32m'Not Found'[39m,
[2m[WebServer] [22m  internal: [33mtrue[39m,
[2m[WebServer] [22m  data: [32m'Error: No route matches URL "/admin/apps/hotdash"'[39m,
[2m[WebServer] [22m  error: Error: No route matches URL "/admin/apps/hotdash"
[2m[WebServer] [22m      at getInternalRouterError [90m(file:///home/justin/HotDash/hot-dash/[39mnode_modules/[4mreact-router[24m/dist/development/chunk-NISHYRIK.mjs:4652:5[90m)[39m
[2m[WebServer] [22m      at Object.query [90m(file:///home/justin/HotDash/hot-dash/[39mnode_modules/[4mreact-router[24m/dist/development/chunk-NISHYRIK.mjs:2796:19[90m)[39m
[2m[WebServer] [22m      at handleDocumentRequest [90m(file:///home/justin/HotDash/hot-dash/[39mnode_modules/[4mreact-router[24m/dist/development/chunk-65XJMMLO.mjs:1300:38[90m)[39m
[2m[WebServer] [22m      at requestHandler [90m(file:///home/justin/HotDash/hot-dash/[39mnode_modules/[4mreact-router[24m/dist/development/chunk-65XJMMLO.mjs:1213:24[90m)[39m
[2m[WebServer] [22m      at [90mfile:///home/justin/HotDash/hot-dash/[39mnode_modules/[4m@react-router/express[24m/dist/index.mjs:28:28
[2m[WebServer] [22m}
  ✓  1 tests/playwright/modals.spec.ts:8:3 › dashboard modals › opens CX escalation modal from tile (2.0s)
[2m[WebServer] [22mNo routes matched location "/admin/apps/hotdash" 
[2m[WebServer] [22mErrorResponseImpl {
[2m[WebServer] [22m  status: [33m404[39m,
[2m[WebServer] [22m  statusText: [32m'Not Found'[39m,
[2m[WebServer] [22m  internal: [33mtrue[39m,
[2m[WebServer] [22m  data: [32m'Error: No route matches URL "/admin/apps/hotdash"'[39m,
[2m[WebServer] [22m  error: Error: No route matches URL "/admin/apps/hotdash"
[2m[WebServer] [22m      at getInternalRouterError [90m(file:///home/justin/HotDash/hot-dash/[39mnode_modules/[4mreact-router[24m/dist/development/chunk-NISHYRIK.mjs:4652:5[90m)[39m
[2m[WebServer] [22m      at Object.query [90m(file:///home/justin/HotDash/hot-dash/[39mnode_modules/[4mreact-router[24m/dist/development/chunk-NISHYRIK.mjs:2796:19[90m)[39m
[2m[WebServer] [22m      at handleDocumentRequest [90m(file:///home/justin/HotDash/hot-dash/[39mnode_modules/[4mreact-router[24m/dist/development/chunk-65XJMMLO.mjs:1300:38[90m)[39m
[2m[WebServer] [22m      at requestHandler [90m(file:///home/justin/HotDash/hot-dash/[39mnode_modules/[4mreact-router[24m/dist/development/chunk-65XJMMLO.mjs:1213:24[90m)[39m
[2m[WebServer] [22m      at [90mfile:///home/justin/HotDash/hot-dash/[39mnode_modules/[4m@react-router/express[24m/dist/index.mjs:28:28
[2m[WebServer] [22m}
  ✓  2 tests/playwright/modals.spec.ts:22:3 › dashboard modals › opens Sales Pulse modal from tile (1.1s)

  2 passed (10.5s)

To open last HTML report run:
[36m[39m
[36m  npx playwright show-report coverage/playwright[39m
[36m[39m
