npm warn Unknown project config "auto-install-peers". This will stop working in the next major version of npm.
npm warn Unknown project config "shamefully-hoist". This will stop working in the next major version of npm.
npm warn Unknown project config "enable-pre-post-scripts". This will stop working in the next major version of npm.
2025-10-09T22:32:51.554Z LH:ChromeLauncher Waiting for browser.
2025-10-09T22:32:51.554Z LH:ChromeLauncher Waiting for browser...
2025-10-09T22:32:52.068Z LH:ChromeLauncher Waiting for browser.....
2025-10-09T22:32:52.570Z LH:ChromeLauncher Waiting for browser.......
2025-10-09T22:32:53.072Z LH:ChromeLauncher Waiting for browser.........
2025-10-09T22:32:53.573Z LH:ChromeLauncher Waiting for browser...........
2025-10-09T22:32:54.074Z LH:ChromeLauncher Waiting for browser.............
2025-10-09T22:32:54.576Z LH:ChromeLauncher Waiting for browser...............
2025-10-09T22:32:55.077Z LH:ChromeLauncher Waiting for browser.................
2025-10-09T22:32:55.578Z LH:ChromeLauncher Waiting for browser...................
2025-10-09T22:32:56.080Z LH:ChromeLauncher Waiting for browser.....................
2025-10-09T22:32:56.581Z LH:ChromeLauncher Waiting for browser.......................
2025-10-09T22:32:57.083Z LH:ChromeLauncher Waiting for browser.........................
2025-10-09T22:32:57.584Z LH:ChromeLauncher Waiting for browser...........................
2025-10-09T22:32:58.085Z LH:ChromeLauncher Waiting for browser.............................
2025-10-09T22:32:58.586Z LH:ChromeLauncher Waiting for browser...............................
2025-10-09T22:32:59.087Z LH:ChromeLauncher Waiting for browser.................................
2025-10-09T22:32:59.589Z LH:ChromeLauncher Waiting for browser...................................
2025-10-09T22:33:00.090Z LH:ChromeLauncher Waiting for browser.....................................
2025-10-09T22:33:00.592Z LH:ChromeLauncher Waiting for browser.......................................
2025-10-09T22:33:01.093Z LH:ChromeLauncher Waiting for browser.........................................
2025-10-09T22:33:01.594Z LH:ChromeLauncher Waiting for browser...........................................
2025-10-09T22:33:02.095Z LH:ChromeLauncher Waiting for browser.............................................
2025-10-09T22:33:02.596Z LH:ChromeLauncher Waiting for browser...............................................
2025-10-09T22:33:03.098Z LH:ChromeLauncher Waiting for browser.................................................
2025-10-09T22:33:03.598Z LH:ChromeLauncher Waiting for browser...................................................
2025-10-09T22:33:04.100Z LH:ChromeLauncher Waiting for browser.....................................................
2025-10-09T22:33:04.601Z LH:ChromeLauncher Waiting for browser.......................................................
2025-10-09T22:33:05.102Z LH:ChromeLauncher Waiting for browser.........................................................
2025-10-09T22:33:05.604Z LH:ChromeLauncher Waiting for browser...........................................................
2025-10-09T22:33:06.105Z LH:ChromeLauncher Waiting for browser.............................................................
2025-10-09T22:33:06.606Z LH:ChromeLauncher Waiting for browser...............................................................
2025-10-09T22:33:07.108Z LH:ChromeLauncher Waiting for browser.................................................................
2025-10-09T22:33:07.609Z LH:ChromeLauncher Waiting for browser...................................................................
2025-10-09T22:33:08.110Z LH:ChromeLauncher Waiting for browser.....................................................................
2025-10-09T22:33:08.612Z LH:ChromeLauncher Waiting for browser.......................................................................
2025-10-09T22:33:09.110Z LH:ChromeLauncher Waiting for browser.........................................................................
2025-10-09T22:33:09.611Z LH:ChromeLauncher Waiting for browser...........................................................................
2025-10-09T22:33:10.112Z LH:ChromeLauncher Waiting for browser.............................................................................
2025-10-09T22:33:10.613Z LH:ChromeLauncher Waiting for browser...............................................................................
2025-10-09T22:33:11.115Z LH:ChromeLauncher Waiting for browser.................................................................................
2025-10-09T22:33:11.616Z LH:ChromeLauncher Waiting for browser...................................................................................
2025-10-09T22:33:12.117Z LH:ChromeLauncher Waiting for browser.....................................................................................
2025-10-09T22:33:12.618Z LH:ChromeLauncher Waiting for browser.......................................................................................
2025-10-09T22:33:13.119Z LH:ChromeLauncher Waiting for browser.........................................................................................
2025-10-09T22:33:13.620Z LH:ChromeLauncher Waiting for browser...........................................................................................
2025-10-09T22:33:14.121Z LH:ChromeLauncher Waiting for browser.............................................................................................
2025-10-09T22:33:14.622Z LH:ChromeLauncher Waiting for browser...............................................................................................
2025-10-09T22:33:15.123Z LH:ChromeLauncher Waiting for browser.................................................................................................
2025-10-09T22:33:15.624Z LH:ChromeLauncher Waiting for browser...................................................................................................
2025-10-09T22:33:16.125Z LH:ChromeLauncher Waiting for browser.....................................................................................................
2025-10-09T22:33:16.626Z LH:ChromeLauncher Waiting for browser.......................................................................................................
2025-10-09T22:33:16.627Z LH:ChromeLauncher:error connect ECONNREFUSED 127.0.0.1:43073
2025-10-09T22:33:16.666Z LH:ChromeLauncher:error Logging contents of /mnt/c/Users/Justin/AppData/Local/lighthouse.27517787/chrome-err.log
2025-10-09T22:33:16.666Z LH:ChromeLauncher:error 
DevTools listening on ws://127.0.0.1:43073/devtools/browser/e31ed5b3-5b31-4430-97dc-c3059124fe01
[34672:31964:1009/163254.647:ERROR:google_apis\gcm\engine\registration_request.cc:291] Registration response error message: DEPRECATED_ENDPOINT
[34672:31964:1009/163316.569:ERROR:google_apis\gcm\engine\connection_factory_impl.cc:483] ConnectionHandler failed with net error: -2

Unable to connect to Chrome
