â–â–â–‚â–‚â–ƒâ–ƒâ–„â–„â–…â–…â–†â–†â–‡â–‡â–ˆâ–ˆâ–‡â–‡â–†â–†â–…â–…â–„â–„â–ƒâ–ƒâ–‚â–‚â–â–â–â–â–‚â–‚â–ƒâ–ƒâ–„â–„â–…â–…â–†â–†â–‡â–‡â–ˆâ–ˆâ–‡â–‡â–†â–†â–…â–…â–„â–„â–ƒâ–ƒâ–‚â–‚â–â–â–â–â–‚â–‚â–ƒâ–ƒâ–„â–„â–…â–…â–†â–†â–‡â–‡â–ˆâ–ˆâ–‡â–‡â–†â–†
â–…â–…â–„â–„â–ƒâ–ƒâ–‚â–‚â–â–
Running validation ...
[2K[1A[2K[1A[2K[1A[2K[Gâ–â–â–â–‚â–‚â–ƒâ–ƒâ–„â–„â–…â–…â–†â–†â–‡â–‡â–ˆâ–ˆâ–‡â–‡â–†â–†â–…â–…â–„â–„â–ƒâ–ƒâ–‚â–‚â–â–â–â–â–‚â–‚â–ƒâ–ƒâ–„â–„â–…â–…â–†â–†â–‡â–‡â–ˆâ–ˆâ–‡â–‡â–†â–†â–…â–…â–„â–„â–ƒâ–ƒâ–‚â–‚â–â–â–â–â–‚â–‚â–ƒâ–ƒâ–„â–„â–…â–…â–†â–†â–‡â–‡â–ˆâ–ˆâ–‡â–‡â–†
Releasing an app version ...
[2K[1A[2K[1A[2K[Gâ–â–â–â–â–‚â–‚â–ƒâ–ƒâ–„â–„â–…â–…â–†â–†â–‡â–‡â–ˆâ–ˆâ–‡â–‡â–†â–†â–…â–…â–„â–„â–ƒâ–ƒâ–‚â–‚â–â–â–â–â–‚â–‚â–ƒâ–ƒâ–„â–„â–…â–…â–†â–†â–‡â–‡â–ˆâ–ˆâ–‡â–‡â–†â–†â–…â–…â–„â–„â–ƒâ–ƒâ–‚â–‚â–â–â–â–â–‚â–‚â–ƒâ–ƒâ–„â–„â–…â–…â–†â–†â–‡â–‡â–ˆâ–ˆâ–‡â–‡
Releasing an app version ...
[2K[1A[2K[1A[2K[Gâ–‚â–â–â–â–â–‚â–‚â–ƒâ–ƒâ–„â–„â–…â–…â–†â–†â–‡â–‡â–ˆâ–ˆâ–‡â–‡â–†â–†â–…â–…â–„â–„â–ƒâ–ƒâ–‚â–‚â–â–â–â–â–‚â–‚â–ƒâ–ƒâ–„â–„â–…â–…â–†â–†â–‡â–‡â–ˆâ–ˆâ–‡â–‡â–†â–†â–…â–…â–„â–„â–ƒâ–ƒâ–‚â–‚â–â–â–â–â–‚â–‚â–ƒâ–ƒâ–„â–„â–…â–…â–†â–†â–‡â–‡â–ˆâ–ˆâ–‡
Releasing an app version ...
[2K[1A[2K[1A[2K[Gâ–‚â–‚â–â–â–â–â–‚â–‚â–ƒâ–ƒâ–„â–„â–…â–…â–†â–†â–‡â–‡â–ˆâ–ˆâ–‡â–‡â–†â–†â–…â–…â–„â–„â–ƒâ–ƒâ–‚â–‚â–â–â–â–â–‚â–‚â–ƒâ–ƒâ–„â–„â–…â–…â–†â–†â–‡â–‡â–ˆâ–ˆâ–‡â–‡â–†â–†â–…â–…â–„â–„â–ƒâ–ƒâ–‚â–‚â–â–â–â–â–‚â–‚â–ƒâ–ƒâ–„â–„â–…â–…â–†â–†â–‡â–‡â–ˆâ–ˆ
Releasing an app version ...
[2K[1A[2K[1A[2K[Gâ–ƒâ–‚â–‚â–â–â–â–â–‚â–‚â–ƒâ–ƒâ–„â–„â–…â–…â–†â–†â–‡â–‡â–ˆâ–ˆâ–‡â–‡â–†â–†â–…â–…â–„â–„â–ƒâ–ƒâ–‚â–‚â–â–â–â–â–‚â–‚â–ƒâ–ƒâ–„â–„â–…â–…â–†â–†â–‡â–‡â–ˆâ–ˆâ–‡â–‡â–†â–†â–…â–…â–„â–„â–ƒâ–ƒâ–‚â–‚â–â–â–â–â–‚â–‚â–ƒâ–ƒâ–„â–„â–…â–…â–†â–†â–‡â–‡â–ˆ
Releasing an app version ...
[2K[1A[2K[1A[2K[Gâ–ƒâ–ƒâ–‚â–‚â–â–â–â–â–‚â–‚â–ƒâ–ƒâ–„â–„â–…â–…â–†â–†â–‡â–‡â–ˆâ–ˆâ–‡â–‡â–†â–†â–…â–…â–„â–„â–ƒâ–ƒâ–‚â–‚â–â–â–â–â–‚â–‚â–ƒâ–ƒâ–„â–„â–…â–…â–†â–†â–‡â–‡â–ˆâ–ˆâ–‡â–‡â–†â–†â–…â–…â–„â–„â–ƒâ–ƒâ–‚â–‚â–â–â–â–â–‚â–‚â–ƒâ–ƒâ–„â–„â–…â–…â–†â–†â–‡â–‡
Releasing an app version ...
[2K[1A[2K[1A[2K[Gâ–„â–ƒâ–ƒâ–‚â–‚â–â–â–â–â–‚â–‚â–ƒâ–ƒâ–„â–„â–…â–…â–†â–†â–‡â–‡â–ˆâ–ˆâ–‡â–‡â–†â–†â–…â–…â–„â–„â–ƒâ–ƒâ–‚â–‚â–â–â–â–â–‚â–‚â–ƒâ–ƒâ–„â–„â–…â–…â–†â–†â–‡â–‡â–ˆâ–ˆâ–‡â–‡â–†â–†â–…â–…â–„â–„â–ƒâ–ƒâ–‚â–‚â–â–â–â–â–‚â–‚â–ƒâ–ƒâ–„â–„â–…â–…â–†â–†â–‡
Releasing an app version ...
[2K[1A[2K[1A[2K[Gâ–„â–„â–ƒâ–ƒâ–‚â–‚â–â–â–â–â–‚â–‚â–ƒâ–ƒâ–„â–„â–…â–…â–†â–†â–‡â–‡â–ˆâ–ˆâ–‡â–‡â–†â–†â–…â–…â–„â–„â–ƒâ–ƒâ–‚â–‚â–â–â–â–â–‚â–‚â–ƒâ–ƒâ–„â–„â–…â–…â–†â–†â–‡â–‡â–ˆâ–ˆâ–‡â–‡â–†â–†â–…â–…â–„â–„â–ƒâ–ƒâ–‚â–‚â–â–â–â–â–‚â–‚â–ƒâ–ƒâ–„â–„â–…â–…â–†â–†
Releasing an app version ...
[2K[1A[2K[1A[2K[Gâ–…â–„â–„â–ƒâ–ƒâ–‚â–‚â–â–â–â–â–‚â–‚â–ƒâ–ƒâ–„â–„â–…â–…â–†â–†â–‡â–‡â–ˆâ–ˆâ–‡â–‡â–†â–†â–…â–…â–„â–„â–ƒâ–ƒâ–‚â–‚â–â–â–â–â–‚â–‚â–ƒâ–ƒâ–„â–„â–…â–…â–†â–†â–‡â–‡â–ˆâ–ˆâ–‡â–‡â–†â–†â–…â–…â–„â–„â–ƒâ–ƒâ–‚â–‚â–â–â–â–â–‚â–‚â–ƒâ–ƒâ–„â–„â–…â–…â–†
Releasing an app version ...
[2K[1A[2K[1A[2K[Gâ–…â–…â–„â–„â–ƒâ–ƒâ–‚â–‚â–â–â–â–â–‚â–‚â–ƒâ–ƒâ–„â–„â–…â–…â–†â–†â–‡â–‡â–ˆâ–ˆâ–‡â–‡â–†â–†â–…â–…â–„â–„â–ƒâ–ƒâ–‚â–‚â–â–â–â–â–‚â–‚â–ƒâ–ƒâ–„â–„â–…â–…â–†â–†â–‡â–‡â–ˆâ–ˆâ–‡â–‡â–†â–†â–…â–…â–„â–„â–ƒâ–ƒâ–‚â–‚â–â–â–â–â–‚â–‚â–ƒâ–ƒâ–„â–„â–…â–…
Releasing an app version ...
[2K[1A[2K[1A[2K[Gâ–†â–…â–…â–„â–„â–ƒâ–ƒâ–‚â–‚â–â–â–â–â–‚â–‚â–ƒâ–ƒâ–„â–„â–…â–…â–†â–†â–‡â–‡â–ˆâ–ˆâ–‡â–‡â–†â–†â–…â–…â–„â–„â–ƒâ–ƒâ–‚â–‚â–â–â–â–â–‚â–‚â–ƒâ–ƒâ–„â–„â–…â–…â–†â–†â–‡â–‡â–ˆâ–ˆâ–‡â–‡â–†â–†â–…â–…â–„â–„â–ƒâ–ƒâ–‚â–‚â–â–â–â–â–‚â–‚â–ƒâ–ƒâ–„â–„â–…
Releasing an app version ...
[2K[1A[2K[1A[2K[Gâ–†â–†â–…â–…â–„â–„â–ƒâ–ƒâ–‚â–‚â–â–â–â–â–‚â–‚â–ƒâ–ƒâ–„â–„â–…â–…â–†â–†â–‡â–‡â–ˆâ–ˆâ–‡â–‡â–†â–†â–…â–…â–„â–„â–ƒâ–ƒâ–‚â–‚â–â–â–â–â–‚â–‚â–ƒâ–ƒâ–„â–„â–…â–…â–†â–†â–‡â–‡â–ˆâ–ˆâ–‡â–‡â–†â–†â–…â–…â–„â–„â–ƒâ–ƒâ–‚â–‚â–â–â–â–â–‚â–‚â–ƒâ–ƒâ–„â–„
Releasing an app version ...
[2K[1A[2K[1A[2K[Gâ–‡â–†â–†â–…â–…â–„â–„â–ƒâ–ƒâ–‚â–‚â–â–â–â–â–‚â–‚â–ƒâ–ƒâ–„â–„â–…â–…â–†â–†â–‡â–‡â–ˆâ–ˆâ–‡â–‡â–†â–†â–…â–…â–„â–„â–ƒâ–ƒâ–‚â–‚â–â–â–â–â–‚â–‚â–ƒâ–ƒâ–„â–„â–…â–…â–†â–†â–‡â–‡â–ˆâ–ˆâ–‡â–‡â–†â–†â–…â–…â–„â–„â–ƒâ–ƒâ–‚â–‚â–â–â–â–â–‚â–‚â–ƒâ–ƒâ–„
Releasing an app version ...
[2K[1A[2K[1A[2K[Gâ–‡â–‡â–†â–†â–…â–…â–„â–„â–ƒâ–ƒâ–‚â–‚â–â–â–â–â–‚â–‚â–ƒâ–ƒâ–„â–„â–…â–…â–†â–†â–‡â–‡â–ˆâ–ˆâ–‡â–‡â–†â–†â–…â–…â–„â–„â–ƒâ–ƒâ–‚â–‚â–â–â–â–â–‚â–‚â–ƒâ–ƒâ–„â–„â–…â–…â–†â–†â–‡â–‡â–ˆâ–ˆâ–‡â–‡â–†â–†â–…â–…â–„â–„â–ƒâ–ƒâ–‚â–‚â–â–â–â–â–‚â–‚â–ƒâ–ƒ
Releasing an app version ...
[2K[1A[2K[1A[2K[Gâ–ˆâ–‡â–‡â–†â–†â–…â–…â–„â–„â–ƒâ–ƒâ–‚â–‚â–â–â–â–â–‚â–‚â–ƒâ–ƒâ–„â–„â–…â–…â–†â–†â–‡â–‡â–ˆâ–ˆâ–‡â–‡â–†â–†â–…â–…â–„â–„â–ƒâ–ƒâ–‚â–‚â–â–â–â–â–‚â–‚â–ƒâ–ƒâ–„â–„â–…â–…â–†â–†â–‡â–‡â–ˆâ–ˆâ–‡â–‡â–†â–†â–…â–…â–„â–„â–ƒâ–ƒâ–‚â–‚â–â–â–â–â–‚â–‚â–ƒ
Releasing an app version ...
[2K[1A[2K[1A[2K[Gâ–ˆâ–ˆâ–‡â–‡â–†â–†â–…â–…â–„â–„â–ƒâ–ƒâ–‚â–‚â–â–â–â–â–‚â–‚â–ƒâ–ƒâ–„â–„â–…â–…â–†â–†â–‡â–‡â–ˆâ–ˆâ–‡â–‡â–†â–†â–…â–…â–„â–„â–ƒâ–ƒâ–‚â–‚â–â–â–â–â–‚â–‚â–ƒâ–ƒâ–„â–„â–…â–…â–†â–†â–‡â–‡â–ˆâ–ˆâ–‡â–‡â–†â–†â–…â–…â–„â–„â–ƒâ–ƒâ–‚â–‚â–â–â–â–â–‚â–‚
Releasing an app version ...
[2K[1A[2K[1A[2K[Gâ–‡â–ˆâ–ˆâ–‡â–‡â–†â–†â–…â–…â–„â–„â–ƒâ–ƒâ–‚â–‚â–â–â–â–â–‚â–‚â–ƒâ–ƒâ–„â–„â–…â–…â–†â–†â–‡â–‡â–ˆâ–ˆâ–‡â–‡â–†â–†â–…â–…â–„â–„â–ƒâ–ƒâ–‚â–‚â–â–â–â–â–‚â–‚â–ƒâ–ƒâ–„â–„â–…â–…â–†â–†â–‡â–‡â–ˆâ–ˆâ–‡â–‡â–†â–†â–…â–…â–„â–„â–ƒâ–ƒâ–‚â–‚â–â–â–â–â–‚
Releasing an app version ...
[2K[1A[2K[1A[2K[Gâ–‡â–‡â–ˆâ–ˆâ–‡â–‡â–†â–†â–…â–…â–„â–„â–ƒâ–ƒâ–‚â–‚â–â–â–â–â–‚â–‚â–ƒâ–ƒâ–„â–„â–…â–…â–†â–†â–‡â–‡â–ˆâ–ˆâ–‡â–‡â–†â–†â–…â–…â–„â–„â–ƒâ–ƒâ–‚â–‚â–â–â–â–â–‚â–‚â–ƒâ–ƒâ–„â–„â–…â–…â–†â–†â–‡â–‡â–ˆâ–ˆâ–‡â–‡â–†â–†â–…â–…â–„â–„â–ƒâ–ƒâ–‚â–‚â–â–â–â–
Releasing an app version ...
[2K[1A[2K[1A[2K[Gâ–†â–‡â–‡â–ˆâ–ˆâ–‡â–‡â–†â–†â–…â–…â–„â–„â–ƒâ–ƒâ–‚â–‚â–â–â–â–â–‚â–‚â–ƒâ–ƒâ–„â–„â–…â–…â–†â–†â–‡â–‡â–ˆâ–ˆâ–‡â–‡â–†â–†â–…â–…â–„â–„â–ƒâ–ƒâ–‚â–‚â–â–â–â–â–‚â–‚â–ƒâ–ƒâ–„â–„â–…â–…â–†â–†â–‡â–‡â–ˆâ–ˆâ–‡â–‡â–†â–†â–…â–…â–„â–„â–ƒâ–ƒâ–‚â–‚â–â–â–
Releasing an app version ...
[2K[1A[2K[1A[2K[Gâ–†â–†â–‡â–‡â–ˆâ–ˆâ–‡â–‡â–†â–†â–…â–…â–„â–„â–ƒâ–ƒâ–‚â–‚â–â–â–â–â–‚â–‚â–ƒâ–ƒâ–„â–„â–…â–…â–†â–†â–‡â–‡â–ˆâ–ˆâ–‡â–‡â–†â–†â–…â–…â–„â–„â–ƒâ–ƒâ–‚â–‚â–â–â–â–â–‚â–‚â–ƒâ–ƒâ–„â–„â–…â–…â–†â–†â–‡â–‡â–ˆâ–ˆâ–‡â–‡â–†â–†â–…â–…â–„â–„â–ƒâ–ƒâ–‚â–‚â–â–
Releasing an app version ...
[2K[1A[2K[1A[2K[Gâ–…â–†â–†â–‡â–‡â–ˆâ–ˆâ–‡â–‡â–†â–†â–…â–…â–„â–„â–ƒâ–ƒâ–‚â–‚â–â–â–â–â–‚â–‚â–ƒâ–ƒâ–„â–„â–…â–…â–†â–†â–‡â–‡â–ˆâ–ˆâ–‡â–‡â–†â–†â–…â–…â–„â–„â–ƒâ–ƒâ–‚â–‚â–â–â–â–â–‚â–‚â–ƒâ–ƒâ–„â–„â–…â–…â–†â–†â–‡â–‡â–ˆâ–ˆâ–‡â–‡â–†â–†â–…â–…â–„â–„â–ƒâ–ƒâ–‚â–‚â–
Releasing an app version ...
[2K[1A[2K[1A[2K[Gâ–…â–…â–†â–†â–‡â–‡â–ˆâ–ˆâ–‡â–‡â–†â–†â–…â–…â–„â–„â–ƒâ–ƒâ–‚â–‚â–â–â–â–â–‚â–‚â–ƒâ–ƒâ–„â–„â–…â–…â–†â–†â–‡â–‡â–ˆâ–ˆâ–‡â–‡â–†â–†â–…â–…â–„â–„â–ƒâ–ƒâ–‚â–‚â–â–â–â–â–‚â–‚â–ƒâ–ƒâ–„â–„â–…â–…â–†â–†â–‡â–‡â–ˆâ–ˆâ–‡â–‡â–†â–†â–…â–…â–„â–„â–ƒâ–ƒâ–‚â–‚
Releasing an app version ...
[2K[1A[2K[1A[2K[Gâ–„â–…â–…â–†â–†â–‡â–‡â–ˆâ–ˆâ–‡â–‡â–†â–†â–…â–…â–„â–„â–ƒâ–ƒâ–‚â–‚â–â–â–â–â–‚â–‚â–ƒâ–ƒâ–„â–„â–…â–…â–†â–†â–‡â–‡â–ˆâ–ˆâ–‡â–‡â–†â–†â–…â–…â–„â–„â–ƒâ–ƒâ–‚â–‚â–â–â–â–â–‚â–‚â–ƒâ–ƒâ–„â–„â–…â–…â–†â–†â–‡â–‡â–ˆâ–ˆâ–‡â–‡â–†â–†â–…â–…â–„â–„â–ƒâ–ƒâ–‚
Releasing an app version ...
[2K[1A[2K[1A[2K[Gâ–„â–„â–…â–…â–†â–†â–‡â–‡â–ˆâ–ˆâ–‡â–‡â–†â–†â–…â–…â–„â–„â–ƒâ–ƒâ–‚â–‚â–â–â–â–â–‚â–‚â–ƒâ–ƒâ–„â–„â–…â–…â–†â–†â–‡â–‡â–ˆâ–ˆâ–‡â–‡â–†â–†â–…â–…â–„â–„â–ƒâ–ƒâ–‚â–‚â–â–â–â–â–‚â–‚â–ƒâ–ƒâ–„â–„â–…â–…â–†â–†â–‡â–‡â–ˆâ–ˆâ–‡â–‡â–†â–†â–…â–…â–„â–„â–ƒâ–ƒ
Releasing an app version ...
[2K[1A[2K[1A[2K[Gâ–ƒâ–„â–„â–…â–…â–†â–†â–‡â–‡â–ˆâ–ˆâ–‡â–‡â–†â–†â–…â–…â–„â–„â–ƒâ–ƒâ–‚â–‚â–â–â–â–â–‚â–‚â–ƒâ–ƒâ–„â–„â–…â–…â–†â–†â–‡â–‡â–ˆâ–ˆâ–‡â–‡â–†â–†â–…â–…â–„â–„â–ƒâ–ƒâ–‚â–‚â–â–â–â–â–‚â–‚â–ƒâ–ƒâ–„â–„â–…â–…â–†â–†â–‡â–‡â–ˆâ–ˆâ–‡â–‡â–†â–†â–…â–…â–„â–„â–ƒ
Releasing an app version ...
[2K[1A[2K[1A[2K[Gâ–ƒâ–ƒâ–„â–„â–…â–…â–†â–†â–‡â–‡â–ˆâ–ˆâ–‡â–‡â–†â–†â–…â–…â–„â–„â–ƒâ–ƒâ–‚â–‚â–â–â–â–â–‚â–‚â–ƒâ–ƒâ–„â–„â–…â–…â–†â–†â–‡â–‡â–ˆâ–ˆâ–‡â–‡â–†â–†â–…â–…â–„â–„â–ƒâ–ƒâ–‚â–‚â–â–â–â–â–‚â–‚â–ƒâ–ƒâ–„â–„â–…â–…â–†â–†â–‡â–‡â–ˆâ–ˆâ–‡â–‡â–†â–†â–…â–…â–„â–„
Releasing an app version ...
[2K[1A[2K[1A[2K[G
